<?xml version="1.0" encoding="UTF-8"?>
<!-- Generated by org.testng.reporters.JUnitXMLReporter -->
<testsuite ignored="0" hostname="BLR135CG9157DMW" failures="0" tests="5" name="Tests" time="124.087" errors="0" timestamp="2021-03-11T22:06:06 IST">
  <testcase classname="Test_Scripts.Create_New_Event_Page_Test" name="createnewCalendertest" time="7.414"/>
  <testcase classname="Test_Scripts.Create_New_Event_Page_Test" name="createnewCalendertest" time="6.43"/>
  <testcase classname="Test_Scripts.Create_New_Event_Page_Test" name="createnewCalendertest" time="6.828"/>
  <testcase classname="Test_Scripts.Create_New_Event_Page_Test" name="createnewCalendertest" time="6.778"/>
  <testcase classname="Test_Scripts.Create_New_Event_Page_Test" name="createnewCalendertest" time="6.843"/>
</testsuite> <!-- Tests -->
