<?xml version="1.0" encoding="UTF-8"?>
<!-- Generated by org.testng.reporters.JUnitXMLReporter -->
<testsuite ignored="1" hostname="BLR135CG9157DMW" failures="0" tests="1" name="Test Runner-1" time="25.482" errors="0" timestamp="2021-03-15T18:02:13 IST">
  <testcase classname="Test_Scripts.Create_New_Event_Page_Test" name="sample" time="0.008"/>
  <testcase classname="Test_Scripts.Create_New_Event_Page_Test" name="createnewCalendertest" time="0.0">
    <ignored/>
  </testcase> <!-- createnewCalendertest -->
</testsuite> <!-- Test Runner-1 -->
