<?xml version="1.0" encoding="UTF-8"?>
<!-- Generated by org.testng.reporters.JUnitXMLReporter -->
<testsuite ignored="0" hostname="BLR135CG9157DMW" failures="0" tests="6" name="Default test" time="121.2" errors="0" timestamp="2021-03-20T19:21:27 IST">
  <testcase classname="Test_Scripts.Create_New_Event_Page_Test" name="createnewCalendertest" time="9.163"/>
  <testcase classname="Test_Scripts.Create_New_Event_Page_Test" name="createnewCalendertest" time="8.711"/>
  <testcase classname="Test_Scripts.Create_New_Event_Page_Test" name="createnewCalendertest" time="9.296"/>
  <testcase classname="Test_Scripts.Create_New_Event_Page_Test" name="createnewCalendertest" time="8.852"/>
  <testcase classname="Test_Scripts.Create_New_Event_Page_Test" name="createnewCalendertest" time="8.564"/>
  <testcase classname="Test_Scripts.Create_New_Event_Page_Test" name="sample" time="0.001"/>
</testsuite> <!-- Default test -->
